fname	lname	name_type
Michael	Smith	EMP
Susan	Barker	EMP
Robert	Tyler	EMP
Susan	Hawthorne	EMP
John	Gooding	EMP
Helen	Fleming	EMP
Chris	Tucker	EMP
Sarah	Parker	EMP
Jane	Grossman	EMP
Paula	Roberts	EMP
Thomas	Ziegler	EMP
Samantha	Jameson	EMP
John	Blake	EMP
Cindy	Mason	EMP
Frank	Portman	EMP
Theresa	Markham	EMP
Beth	Fowler	EMP
Rick	Tulman	EMP
James	Hadley	IND
Susan	Tingley	IND
Frank	Tucker	IND
John	Hayward	IND
Charles	Frasier	IND
John	Spencer	IND
Margaret	Young	IND
Louis	Blake	IND
Richard	Farley	IND
