fname	lname	name_type
Susan	Barker	EMP
Louis	Blake	IND
John	Blake	EMP
Richard	Farley	IND
Helen	Fleming	EMP
Beth	Fowler	EMP
Charles	Frasier	IND
John	Gooding	EMP
Jane	Grossman	EMP
James	Hadley	IND
Susan	Hawthorne	EMP
John	Hayward	IND
Samantha	Jameson	EMP
Theresa	Markham	EMP
Cindy	Mason	EMP
Sarah	Parker	EMP
Frank	Portman	EMP
Paula	Roberts	EMP
Michael	Smith	EMP
John	Spencer	IND
Susan	Tingley	IND
Frank	Tucker	IND
Chris	Tucker	EMP
Rick	Tulman	EMP
Robert	Tyler	EMP
Margaret	Young	IND
Thomas	Ziegler	EMP
